<?xml version="1.0" encoding="UTF-8"?>
<!-- Generated by org.testng.reporters.JUnitXMLReporter -->
<testsuite ignored="0" hostname="DESKTOP-OQPM0JT" failures="1" tests="5" name="Test" time="46.03" errors="0" timestamp="2025-05-15T19:27:20 IST">
  <testcase classname="org.test.TestCases" name="fbtitleVerification" time="0.047">
    <skipped/>
  </testcase> <!-- fbtitleVerification -->
  <testcase classname="org.test.TestCases" name="fbtitleVerification" time="0.183">
    <skipped/>
  </testcase> <!-- fbtitleVerification -->
  <testcase classname="org.test.TestCases" name="fbtitleVerification" time="0.197">
    <skipped/>
  </testcase> <!-- fbtitleVerification -->
  <testcase classname="org.test.TestCases" name="fbtitleVerification" time="0.057">
    <failure type="java.lang.AssertionError" message="expected [facebook] but found [Facebook – log in or sign up]">
      <![CDATA[java.lang.AssertionError: expected [facebook] but found [Facebook – log in or sign up]
at org.test.TestCases.fbtitleVerification(TestCases.java:37)
at java.base/java.util.ArrayList.forEach(ArrayList.java:1511)
... Removed 33 stack frames]]>
    </failure>
  </testcase> <!-- fbtitleVerification -->
  <testcase classname="org.test.TestCases" name="loginButtonDisplay" time="0.397"/>
</testsuite> <!-- Test -->
